<?xml version="1.0" encoding="UTF-8"?>
<!-- Generated by org.testng.reporters.JUnitXMLReporter -->
<testsuite ignored="0" hostname="CHANDU-PC" failures="0" tests="4" name="Default test" time="33.127" errors="0" timestamp="2022-09-09T16:24:19 IST">
  <testcase classname="TestRunner.TestCases" name="testcase1" time="2.64"/>
  <testcase classname="TestRunner.TestCases" name="testcase2" time="0.834"/>
  <testcase classname="TestRunner.TestCases" name="testcase3" time="2.003"/>
  <testcase classname="TestRunner.TestCases" name="testcase4" time="0.055"/>
</testsuite> <!-- Default test -->
