<?xml version="1.0" encoding="UTF-8"?>
<testng-results ignored="0" total="4" passed="4" failed="0" skipped="0">
  <reporter-output>
  </reporter-output>
  <suite started-at="2022-09-09T16:23:46 IST" name="Default suite" finished-at="2022-09-09T16:24:19 IST" duration-ms="33127">
    <groups>
    </groups>
    <test started-at="2022-09-09T16:23:46 IST" name="Default test" finished-at="2022-09-09T16:24:19 IST" duration-ms="33127">
      <class name="TestRunner.TestCases">
        <test-method is-config="true" signature="suitebefore()[pri:0, instance:TestRunner.TestCases@543588e6]" started-at="2022-09-09T16:23:46 IST" name="suitebefore" finished-at="2022-09-09T16:23:46 IST" duration-ms="129" status="PASS">
          <reporter-output>
          </reporter-output>
        </test-method> <!-- suitebefore -->
        <test-method is-config="true" signature="testbefore()[pri:0, instance:TestRunner.TestCases@543588e6]" started-at="2022-09-09T16:23:46 IST" name="testbefore" finished-at="2022-09-09T16:24:09 IST" duration-ms="23012" status="PASS">
          <reporter-output>
          </reporter-output>
        </test-method> <!-- testbefore -->
        <test-method is-config="true" signature="classbefore()[pri:0, instance:TestRunner.TestCases@543588e6]" started-at="2022-09-09T16:24:09 IST" name="classbefore" finished-at="2022-09-09T16:24:13 IST" duration-ms="4389" status="PASS">
          <reporter-output>
          </reporter-output>
        </test-method> <!-- classbefore -->
        <test-method signature="testcase1()[pri:0, instance:TestRunner.TestCases@543588e6]" started-at="2022-09-09T16:24:13 IST" name="testcase1" finished-at="2022-09-09T16:24:16 IST" duration-ms="2640" status="PASS">
          <reporter-output>
          </reporter-output>
        </test-method> <!-- testcase1 -->
        <test-method signature="testcase2()[pri:0, instance:TestRunner.TestCases@543588e6]" started-at="2022-09-09T16:24:16 IST" name="testcase2" finished-at="2022-09-09T16:24:17 IST" duration-ms="834" status="PASS">
          <reporter-output>
          </reporter-output>
        </test-method> <!-- testcase2 -->
        <test-method signature="testcase3()[pri:0, instance:TestRunner.TestCases@543588e6]" started-at="2022-09-09T16:24:17 IST" name="testcase3" finished-at="2022-09-09T16:24:19 IST" duration-ms="2003" status="PASS">
          <reporter-output>
          </reporter-output>
        </test-method> <!-- testcase3 -->
        <test-method signature="testcase4()[pri:0, instance:TestRunner.TestCases@543588e6]" started-at="2022-09-09T16:24:19 IST" name="testcase4" finished-at="2022-09-09T16:24:19 IST" duration-ms="55" status="PASS">
          <reporter-output>
          </reporter-output>
        </test-method> <!-- testcase4 -->
        <test-method is-config="true" signature="testafter()[pri:0, instance:TestRunner.TestCases@543588e6]" started-at="2022-09-09T16:24:19 IST" name="testafter" finished-at="2022-09-09T16:24:19 IST" duration-ms="0" status="PASS">
          <reporter-output>
          </reporter-output>
        </test-method> <!-- testafter -->
        <test-method is-config="true" signature="suiteafter()[pri:0, instance:TestRunner.TestCases@543588e6]" started-at="2022-09-09T16:24:19 IST" name="suiteafter" finished-at="2022-09-09T16:24:19 IST" duration-ms="1" status="PASS">
          <reporter-output>
          </reporter-output>
        </test-method> <!-- suiteafter -->
      </class> <!-- TestRunner.TestCases -->
    </test> <!-- Default test -->
  </suite> <!-- Default suite -->
</testng-results>
